<?xml version="1.0" encoding="UTF-8"?>
<testsuite xmlns:xsi="http://www.w3.org/2001/XMLSchema-instance" xsi:noNamespaceSchemaLocation="https://maven.apache.org/surefire/maven-surefire-plugin/xsd/surefire-test-report-3.0.xsd" version="3.0" name="BookTest" time="0.034" tests="7" errors="0" skipped="0" failures="0">
  <properties>
[...]
</properties>
  <testcase name="testAddBook" classname="BookTest" time="0.027">
    <system-err><![CDATA[Il libro The Lord of the Ringsè stato aggiunto in libreria
]]></system-err>
  </testcase>
  <testcase name="testPaperBookCreation" classname="BookTest" time="0.003"/>
  <testcase name="testListBooks" classname="BookTest" time="0.001">
    <system-err><![CDATA[Il libro The Lord of the Ringsè stato aggiunto in libreria
Il libro Game of Thronesè stato aggiunto in libreria
Il libro Harry Potterè stato aggiunto in libreria
]]></system-err>
  </testcase>
  <testcase name="testGetBookByAuthor" classname="BookTest" time="0">
    <system-err><![CDATA[Il libro The Lord of the Ringsè stato aggiunto in libreria
Il libro Harry Potter1è stato aggiunto in libreria
Il libro Harry Potter2è stato aggiunto in libreria
]]></system-err>
  </testcase>
  <testcase name="assertBookCreation" classname="BookTest" time="0.002"/>
  <testcase name="testRemoveBook" classname="BookTest" time="0">
    <system-err><![CDATA[Il libro The Lord of the Ringsè stato aggiunto in libreria
]]></system-err>
  </testcase>
  <testcase name="testEbookCreation" classname="BookTest" time="0"/>
</testsuite>